#-----------------------------------------------------------
# Vivado v2019.2 (64-bit)
# SW Build 2708876 on Wed Nov  6 21:40:23 MST 2019
# IP Build 2700528 on Thu Nov  7 00:09:20 MST 2019
# Start of session at: Sun Jan  3 15:14:58 2021
# Process ID: 50796
# Current directory: C:/Users/fanqi/Documents/GitHub/Cache/Project/soc_axi_lite_loongson/run_vivado/mycpu_prj1
# Command line: vivado.exe -gui_launcher_event rodinguilauncherevent48448 C:\Users\fanqi\Documents\GitHub\Cache\Project\soc_axi_lite_loongson\run_vivado\mycpu_prj1\mycpu.xpr
# Log file: C:/Users/fanqi/Documents/GitHub/Cache/Project/soc_axi_lite_loongson/run_vivado/mycpu_prj1/vivado.log
# Journal file: C:/Users/fanqi/Documents/GitHub/Cache/Project/soc_axi_lite_loongson/run_vivado/mycpu_prj1\vivado.jou
#-----------------------------------------------------------
start_gui
open_project C:/Users/fanqi/Documents/GitHub/Cache/Project/soc_axi_lite_loongson/run_vivado/mycpu_prj1/mycpu.xpr
INFO: [ProjectBase 1-489] The host OS only allows 260 characters in a normal path. The project is stored in a path with more than 80 characters. If you experience issues with IP, Block Designs, or files not being found, please consider moving the project to a location with a shorter path. Alternately consider using the OS subst command to map part of the path to a drive letter.
Current project path is 'C:/Users/fanqi/Documents/GitHub/Cache/Project/soc_axi_lite_loongson/run_vivado/mycpu_prj1'
Scanning sources...
Finished scanning sources
INFO: [IP_Flow 19-234] Refreshing IP repositories
INFO: [IP_Flow 19-1704] No user IP repositories specified
INFO: [IP_Flow 19-2313] Loaded Vivado IP repository 'C:/Xilinx/Vivado/2019.2/data/ip'.
open_project: Time (s): cpu = 00:00:13 ; elapsed = 00:00:08 . Memory (MB): peak = 930.402 ; gain = 268.031
update_compile_order -fileset sources_1
WARNING: [filemgmt 56-199] Attempt to get parsing info during refresh. "On-the-fly" syntax checking information may be incorrect. [C:\Users\fanqi\Documents\GitHub\Cache\Project\soc_axi_lite_loongson\rtl\myCPU\cache.v:]
WARNING: [filemgmt 56-199] Attempt to get parsing info during refresh. "On-the-fly" syntax checking information may be incorrect. [C:\Users\fanqi\Documents\GitHub\Cache\Project\soc_axi_lite_loongson\rtl\myCPU\i_sram_to_sram_like.v:]
WARNING: [filemgmt 56-199] Attempt to get parsing info during refresh. "On-the-fly" syntax checking information may be incorrect. [C:\Users\fanqi\Documents\GitHub\Cache\Project\soc_axi_lite_loongson\rtl\myCPU\mips_core.v:]
WARNING: [filemgmt 56-199] Attempt to get parsing info during refresh. "On-the-fly" syntax checking information may be incorrect. [C:\Users\fanqi\Documents\GitHub\Cache\Project\soc_axi_lite_loongson\rtl\myCPU\i_cache.v:]
WARNING: [filemgmt 56-199] Attempt to get parsing info during refresh. "On-the-fly" syntax checking information may be incorrect. [C:\Users\fanqi\Documents\GitHub\Cache\Project\soc_axi_lite_loongson\rtl\myCPU\cache.v:]
WARNING: [filemgmt 56-199] Attempt to get parsing info during refresh. "On-the-fly" syntax checking information may be incorrect. [C:\Users\fanqi\Documents\GitHub\Cache\Project\soc_axi_lite_loongson\rtl\myCPU\i_sram_to_sram_like.v:]
WARNING: [filemgmt 56-199] Attempt to get parsing info during refresh. "On-the-fly" syntax checking information may be incorrect. [C:\Users\fanqi\Documents\GitHub\Cache\Project\soc_axi_lite_loongson\rtl\myCPU\mips_core.v:]
WARNING: [filemgmt 56-199] Attempt to get parsing info during refresh. "On-the-fly" syntax checking information may be incorrect. [C:\Users\fanqi\Documents\GitHub\Cache\Project\soc_axi_lite_loongson\rtl\myCPU\i_cache.v:]
WARNING: [filemgmt 56-199] Attempt to get parsing info during refresh. "On-the-fly" syntax checking information may be incorrect. [C:\Users\fanqi\Documents\GitHub\Cache\Project\soc_axi_lite_loongson\rtl\myCPU\cache.v:]
WARNING: [filemgmt 56-199] Attempt to get parsing info during refresh. "On-the-fly" syntax checking information may be incorrect. [C:\Users\fanqi\Documents\GitHub\Cache\Project\soc_axi_lite_loongson\rtl\myCPU\i_sram_to_sram_like.v:]
WARNING: [filemgmt 56-199] Attempt to get parsing info during refresh. "On-the-fly" syntax checking information may be incorrect. [C:\Users\fanqi\Documents\GitHub\Cache\Project\soc_axi_lite_loongson\rtl\myCPU\mips_core.v:]
WARNING: [filemgmt 56-199] Attempt to get parsing info during refresh. "On-the-fly" syntax checking information may be incorrect. [C:\Users\fanqi\Documents\GitHub\Cache\Project\soc_axi_lite_loongson\rtl\myCPU\i_cache.v:]
ERROR: [Common 17-180] Spawn failed: No error
